# JRE version: OpenJDK Runtime Environment Temurin-17.0.2+8 (17.0.2+8) (build 17.0.2+8)
# Java VM: OpenJDK 64-Bit Server VM Temurin-17.0.2+8 (17.0.2+8, mixed mode, sharing, tiered, compressed oops, compressed class ptrs, g1 gc, windows-amd64)
GC Precious Log:
 CPUs: 8 total, 8 available
 Memory: 8108M
 Large Page Support: Disabled
 NUMA Support: Disabled
 Compressed Oops: Enabled (32-bit)
 Heap Region Size: 1M
 Heap Min Capacity: 8M
 Heap Initial Capacity: 128M
 Heap Max Capacity: 2028M
 Pre-touch: Disabled
 Parallel Workers: 8
 Concurrent Workers: 2
 Concurrent Refinement Workers: 8
 Periodic GC: Disabled
Heap:
 garbage-first heap   total 131072K, used 26692K [0x0000000081400000, 0x0000000100000000)
  region size 1024K, 18 young (18432K), 6 survivors (6144K)
 Metaspace       used 19028K, committed 19392K, reserved 1073152K
  class space    used 2600K, committed 2816K, reserved 1048576K
GC Heap History (6 events):
Event: 3.147 GC heap before
{Heap before GC invocations=0 (full 0):
 garbage-first heap   total 131072K, used 22528K [0x0000000081400000, 0x0000000100000000)
  region size 1024K, 23 young (23552K), 0 survivors (0K)
 Metaspace       used 8094K, committed 8256K, reserved 1056768K
  class space    used 992K, committed 1088K, reserved 1048576K
}
Event: 3.153 GC heap after
{Heap after GC invocations=1 (full 0):
 garbage-first heap   total 131072K, used 5167K [0x0000000081400000, 0x0000000100000000)
  region size 1024K, 3 young (3072K), 3 survivors (3072K)
 Metaspace       used 8094K, committed 8256K, reserved 1056768K
  class space    used 992K, committed 1088K, reserved 1048576K
}
Event: 9.217 GC heap before
{Heap before GC invocations=1 (full 0):
 garbage-first heap   total 131072K, used 33839K [0x0000000081400000, 0x0000000100000000)
  region size 1024K, 26 young (26624K), 3 survivors (3072K)
 Metaspace       used 14940K, committed 15104K, reserved 1064960K
  class space    used 2103K, committed 2176K, reserved 1048576K
}
Event: 9.224 GC heap after
{Heap after GC invocations=2 (full 0):
 garbage-first heap   total 131072K, used 10231K [0x0000000081400000, 0x0000000100000000)
  region size 1024K, 3 young (3072K), 3 survivors (3072K)
 Metaspace       used 14940K, committed 15104K, reserved 1064960K
  class space    used 2103K, committed 2176K, reserved 1048576K
}
Event: 98.339 GC heap before
{Heap before GC invocations=2 (full 0):
 garbage-first heap   total 131072K, used 52215K [0x0000000081400000, 0x0000000100000000)
  region size 1024K, 44 young (45056K), 3 survivors (3072K)
 Metaspace       used 18846K, committed 19136K, reserved 1073152K
  class space    used 2589K, committed 2752K, reserved 1048576K
}
Event: 98.348 GC heap after
{Heap after GC invocations=3 (full 0):
 garbage-first heap   total 131072K, used 15428K [0x0000000081400000, 0x0000000100000000)
  region size 1024K, 6 young (6144K), 6 survivors (6144K)
 Metaspace       used 18846K, committed 19136K, reserved 1073152K
  class space    used 2589K, committed 2752K, reserved 1048576K
}

